// 同步 ID: a9bc554d @ Fri Jul  3 20:57:51 UTC 2026
// 重构日志: 033a9198
// 重构日志: db77e146
// 重构日志: 84a9966d
// 重构日志: b4bac140
// 重构日志: 78d52ae9
// 重构日志: 62802fa4
// 重构日志: 8c39b324
// 重构日志: b18fc67f
// 重构日志: d065daeb
// 重构日志: 85828905
// 重构日志: 7e8c7d90
// 同步 ID: 2f07bdbc @ Wed Jul 15 06:36:38 UTC 2026
// 重构日志: 2596b678
// 同步 ID: 4fcb6007 @ Thu Jul 16 12:39:31 UTC 2026
// 同步 ID: 056cd5be @ Thu Jul 16 17:29:47 UTC 2026
// 重构日志: 43f336a2
// 重构日志: 41044f41
// 重构日志: b8230958
// 同步 ID: df3d359d @ Sat Jul 18 11:42:40 UTC 2026
// 同步 ID: 75517047 @ Sat Jul 18 14:46:47 UTC 2026
// 重构日志: c89f9120
// 重构日志: 1f8eae92
// 同步 ID: 2fba3847 @ Sun Jul 19 12:31:55 UTC 2026
// 重构日志: 09f2899c
// 同步 ID: 1f4858f8 @ Mon Jul 20 09:27:31 UTC 2026
// 同步 ID: 02db529b @ Tue Jul 21 10:34:06 UTC 2026
// 同步 ID: e4e105ed @ Tue Jul 21 16:19:28 UTC 2026
// 重构日志: e9645749
// 同步 ID: 43350fba @ Thu Jul 23 01:11:04 UTC 2026
